/bin/sh: /private/var/www/goods.sh: Permission denied
/bin/sh: /private/var/www/goods.sh: Permission denied
/bin/sh: /private/var/www/goods.sh: Permission denied
/bin/sh: /private/var/www/goods.sh: Permission denied
2020-04-15 23:17:01

Warning: mysqli_connect(): The server requested authentication method unknown to the client [caching_sha2_password] in /private/var/www/db.php on line 35

Warning: mysqli_connect(): (HY000/2054): The server requested authentication method unknown to the client in /private/var/www/db.php on line 35

Warning: mysqli_select_db() expects parameter 1 to be mysqli, bool given in /private/var/www/db.php on line 36

Warning: mysqli_set_charset() expects parameter 1 to be mysqli, bool given in /private/var/www/db.php on line 37

Warning: mysqli_query() expects parameter 1 to be mysqli, bool given in /private/var/www/goods.php on line 8
All finished.2020-04-15 23:18:00
No log handling enabled - using stderr logging
Created directory: /var/db/net-snmp
Created directory: /var/db/net-snmp/mib_indexes

Warning: mysqli_connect(): The server requested authentication method unknown to the client [caching_sha2_password] in /private/var/www/db.php on line 35

Warning: mysqli_connect(): (HY000/2054): The server requested authentication method unknown to the client in /private/var/www/db.php on line 35

Warning: mysqli_select_db() expects parameter 1 to be mysqli, bool given in /private/var/www/db.php on line 36

Warning: mysqli_set_charset() expects parameter 1 to be mysqli, bool given in /private/var/www/db.php on line 37

Warning: mysqli_query() expects parameter 1 to be mysqli, bool given in /private/var/www/goods.php on line 8
All finished.2020-04-15 23:19:00

Warning: mysqli_connect(): The server requested authentication method unknown to the client [caching_sha2_password] in /private/var/www/db.php on line 35

Warning: mysqli_connect(): (HY000/2054): The server requested authentication method unknown to the client in /private/var/www/db.php on line 35

Warning: mysqli_select_db() expects parameter 1 to be mysqli, bool given in /private/var/www/db.php on line 36

Warning: mysqli_set_charset() expects parameter 1 to be mysqli, bool given in /private/var/www/db.php on line 37

Warning: mysqli_query() expects parameter 1 to be mysqli, bool given in /private/var/www/goods.php on line 8
All finished.2020-04-15 23:20:00

Warning: mysqli_connect(): The server requested authentication method unknown to the client [caching_sha2_password] in /private/var/www/db.php on line 35

Warning: mysqli_connect(): (HY000/2054): The server requested authentication method unknown to the client in /private/var/www/db.php on line 35

Warning: mysqli_select_db() expects parameter 1 to be mysqli, bool given in /private/var/www/db.php on line 36

Warning: mysqli_set_charset() expects parameter 1 to be mysqli, bool given in /private/var/www/db.php on line 37

Warning: mysqli_query() expects parameter 1 to be mysqli, bool given in /private/var/www/goods.php on line 9
NULL
2020-04-15 23:21:00

Warning: mysqli_connect(): The server requested authentication method unknown to the client [caching_sha2_password] in /private/var/www/db.php on line 35

Warning: mysqli_connect(): (HY000/2054): The server requested authentication method unknown to the client in /private/var/www/db.php on line 35

Warning: mysqli_select_db() expects parameter 1 to be mysqli, bool given in /private/var/www/db.php on line 36

Warning: mysqli_set_charset() expects parameter 1 to be mysqli, bool given in /private/var/www/db.php on line 37

Warning: mysqli_query() expects parameter 1 to be mysqli, bool given in /private/var/www/goods.php on line 9
All finished.2020-04-15 23:22:00

Warning: mysqli_connect(): The server requested authentication method unknown to the client [caching_sha2_password] in /private/var/www/db.php on line 35

Warning: mysqli_connect(): (HY000/2054): The server requested authentication method unknown to the client in /private/var/www/db.php on line 35

Warning: mysqli_select_db() expects parameter 1 to be mysqli, bool given in /private/var/www/db.php on line 36

Warning: mysqli_set_charset() expects parameter 1 to be mysqli, bool given in /private/var/www/db.php on line 37

Warning: mysqli_affected_rows() expects exactly 1 parameter, 2 given in /private/var/www/goods.php on line 9
NULL
2020-04-15 23:23:00

Warning: mysqli_connect(): The server requested authentication method unknown to the client [caching_sha2_password] in /private/var/www/db.php on line 35

Warning: mysqli_connect(): (HY000/2054): The server requested authentication method unknown to the client in /private/var/www/db.php on line 35

Warning: mysqli_select_db() expects parameter 1 to be mysqli, bool given in /private/var/www/db.php on line 36

Warning: mysqli_set_charset() expects parameter 1 to be mysqli, bool given in /private/var/www/db.php on line 37

Warning: mysqli_affected_rows() expects parameter 1 to be mysqli, bool given in /private/var/www/goods.php on line 10
NULL
2020-04-15 23:24:00

Warning: mysqli_connect(): The server requested authentication method unknown to the client [caching_sha2_password] in /private/var/www/db.php on line 35

Warning: mysqli_connect(): (HY000/2054): The server requested authentication method unknown to the client in /private/var/www/db.php on line 35

Warning: mysqli_select_db() expects parameter 1 to be mysqli, bool given in /private/var/www/db.php on line 36

Warning: mysqli_set_charset() expects parameter 1 to be mysqli, bool given in /private/var/www/db.php on line 37

Warning: mysqli_affected_rows() expects parameter 1 to be mysqli, bool given in /private/var/www/goods.php on line 10

Warning: mysqli_query() expects parameter 1 to be mysqli, bool given in /private/var/www/goods.php on line 16

Warning: mysqli_query() expects parameter 1 to be mysqli, bool given in /private/var/www/goods.php on line 21
error2020-04-15 23:25:00

Warning: mysqli_connect(): The server requested authentication method unknown to the client [caching_sha2_password] in /private/var/www/db.php on line 35

Warning: mysqli_connect(): (HY000/2054): The server requested authentication method unknown to the client in /private/var/www/db.php on line 35

Warning: mysqli_select_db() expects parameter 1 to be mysqli, bool given in /private/var/www/db.php on line 36

Warning: mysqli_set_charset() expects parameter 1 to be mysqli, bool given in /private/var/www/db.php on line 37

Warning: mysqli_affected_rows() expects parameter 1 to be mysqli, bool given in /private/var/www/goods.php on line 10

Warning: mysqli_query() expects parameter 1 to be mysqli, bool given in /private/var/www/goods.php on line 16

Warning: mysqli_query() expects parameter 1 to be mysqli, bool given in /private/var/www/goods.php on line 21
error2020-04-15 23:26:00

Warning: mysqli_connect(): The server requested authentication method unknown to the client [caching_sha2_password] in /private/var/www/db.php on line 35

Warning: mysqli_connect(): (HY000/2054): The server requested authentication method unknown to the client in /private/var/www/db.php on line 35

Warning: mysqli_select_db() expects parameter 1 to be mysqli, bool given in /private/var/www/db.php on line 36

Warning: mysqli_set_charset() expects parameter 1 to be mysqli, bool given in /private/var/www/db.php on line 37

Warning: mysqli_affected_rows() expects parameter 1 to be mysqli, bool given in /private/var/www/goods.php on line 10

Warning: mysqli_query() expects parameter 1 to be mysqli, bool given in /private/var/www/goods.php on line 16

Warning: mysqli_affected_rows() expects parameter 1 to be mysqli, bool given in /private/var/www/goods.php on line 21
OK2020-04-15 23:27:00

Warning: mysqli_connect(): The server requested authentication method unknown to the client [caching_sha2_password] in /private/var/www/db.php on line 35

Warning: mysqli_connect(): (HY000/2054): The server requested authentication method unknown to the client in /private/var/www/db.php on line 35

Warning: mysqli_select_db() expects parameter 1 to be mysqli, bool given in /private/var/www/db.php on line 36

Warning: mysqli_set_charset() expects parameter 1 to be mysqli, bool given in /private/var/www/db.php on line 37

Warning: mysqli_affected_rows() expects parameter 1 to be mysqli, bool given in /private/var/www/goods.php on line 10
bool(false)
2020-04-15 23:28:00

Warning: mysqli_connect(): The server requested authentication method unknown to the client [caching_sha2_password] in /private/var/www/db.php on line 35

Warning: mysqli_connect(): (HY000/2054): The server requested authentication method unknown to the client in /private/var/www/db.php on line 35

Warning: mysqli_select_db() expects parameter 1 to be mysqli, bool given in /private/var/www/db.php on line 36

Warning: mysqli_set_charset() expects parameter 1 to be mysqli, bool given in /private/var/www/db.php on line 37

Warning: mysqli_affected_rows() expects parameter 1 to be mysqli, bool given in /private/var/www/goods.php on line 10

Warning: mysqli_query() expects parameter 1 to be mysqli, bool given in /private/var/www/goods.php on line 16

Warning: mysqli_affected_rows() expects parameter 1 to be mysqli, bool given in /private/var/www/goods.php on line 21
OK2020-04-15 23:29:00

Warning: mysqli_connect(): The server requested authentication method unknown to the client [caching_sha2_password] in /private/var/www/db.php on line 35

Warning: mysqli_connect(): (HY000/2054): The server requested authentication method unknown to the client in /private/var/www/db.php on line 35

Warning: mysqli_select_db() expects parameter 1 to be mysqli, bool given in /private/var/www/db.php on line 36

Warning: mysqli_set_charset() expects parameter 1 to be mysqli, bool given in /private/var/www/db.php on line 37

Warning: mysqli_query() expects parameter 1 to be mysqli, bool given in /private/var/www/goods.php on line 9
2020-04-15 23:30:00

Warning: mysqli_connect(): The server requested authentication method unknown to the client [caching_sha2_password] in /private/var/www/db.php on line 35

Warning: mysqli_connect(): (HY000/2054): The server requested authentication method unknown to the client in /private/var/www/db.php on line 35

Warning: mysqli_select_db() expects parameter 1 to be mysqli, bool given in /private/var/www/db.php on line 36

Warning: mysqli_set_charset() expects parameter 1 to be mysqli, bool given in /private/var/www/db.php on line 37

Warning: mysqli_query() expects parameter 1 to be mysqli, bool given in /private/var/www/goods.php on line 9
2020-04-15 23:31:00

Warning: mysqli_connect(): The server requested authentication method unknown to the client [caching_sha2_password] in /private/var/www/db.php on line 35

Warning: mysqli_connect(): (HY000/2054): The server requested authentication method unknown to the client in /private/var/www/db.php on line 35

Warning: mysqli_select_db() expects parameter 1 to be mysqli, bool given in /private/var/www/db.php on line 36

Warning: mysqli_set_charset() expects parameter 1 to be mysqli, bool given in /private/var/www/db.php on line 37

Warning: mysqli_query() expects parameter 1 to be mysqli, bool given in /private/var/www/goods.php on line 9
2020-04-15 23:32:00

Warning: mysqli_connect(): The server requested authentication method unknown to the client [caching_sha2_password] in /private/var/www/db.php on line 35

Warning: mysqli_connect(): (HY000/2054): The server requested authentication method unknown to the client in /private/var/www/db.php on line 35

Warning: mysqli_select_db() expects parameter 1 to be mysqli, bool given in /private/var/www/db.php on line 36

Warning: mysqli_set_charset() expects parameter 1 to be mysqli, bool given in /private/var/www/db.php on line 37

Warning: mysqli_query() expects parameter 1 to be mysqli, bool given in /private/var/www/goods.php on line 9
2020-04-15 23:33:00

Warning: mysqli_connect(): The server requested authentication method unknown to the client [caching_sha2_password] in /private/var/www/db.php on line 35

Warning: mysqli_connect(): (HY000/2054): The server requested authentication method unknown to the client in /private/var/www/db.php on line 35

Warning: mysqli_select_db() expects parameter 1 to be mysqli, bool given in /private/var/www/db.php on line 36

Warning: mysqli_set_charset() expects parameter 1 to be mysqli, bool given in /private/var/www/db.php on line 37

Warning: mysqli_query() expects parameter 1 to be mysqli, bool given in /private/var/www/goods.php on line 9
2020-04-15 23:34:00

Warning: mysqli_connect(): The server requested authentication method unknown to the client [caching_sha2_password] in /private/var/www/db.php on line 35

Warning: mysqli_connect(): (HY000/2054): The server requested authentication method unknown to the client in /private/var/www/db.php on line 35

Warning: mysqli_select_db() expects parameter 1 to be mysqli, bool given in /private/var/www/db.php on line 36

Warning: mysqli_set_charset() expects parameter 1 to be mysqli, bool given in /private/var/www/db.php on line 37

Warning: mysqli_query() expects parameter 1 to be mysqli, bool given in /private/var/www/goods.php on line 9
2020-04-15 23:35:00

Warning: mysqli_connect(): The server requested authentication method unknown to the client [caching_sha2_password] in /private/var/www/db.php on line 35

Warning: mysqli_connect(): (HY000/2054): The server requested authentication method unknown to the client in /private/var/www/db.php on line 35

Warning: mysqli_select_db() expects parameter 1 to be mysqli, bool given in /private/var/www/db.php on line 36

Warning: mysqli_set_charset() expects parameter 1 to be mysqli, bool given in /private/var/www/db.php on line 37

Warning: mysqli_query() expects parameter 1 to be mysqli, bool given in /private/var/www/goods.php on line 9
2020-04-15 23:36:00

Warning: mysqli_connect(): The server requested authentication method unknown to the client [caching_sha2_password] in /private/var/www/db.php on line 35

Warning: mysqli_connect(): (HY000/2054): The server requested authentication method unknown to the client in /private/var/www/db.php on line 35

Warning: mysqli_select_db() expects parameter 1 to be mysqli, bool given in /private/var/www/db.php on line 36

Warning: mysqli_set_charset() expects parameter 1 to be mysqli, bool given in /private/var/www/db.php on line 37

Warning: mysqli_query() expects parameter 1 to be mysqli, bool given in /private/var/www/goods.php on line 9
2020-04-15 23:37:00

Warning: mysqli_connect(): The server requested authentication method unknown to the client [caching_sha2_password] in /private/var/www/db.php on line 35

Warning: mysqli_connect(): (HY000/2054): The server requested authentication method unknown to the client in /private/var/www/db.php on line 35

Warning: mysqli_select_db() expects parameter 1 to be mysqli, bool given in /private/var/www/db.php on line 36

Warning: mysqli_set_charset() expects parameter 1 to be mysqli, bool given in /private/var/www/db.php on line 37

Warning: mysqli_query() expects parameter 1 to be mysqli, bool given in /private/var/www/goods.php on line 9
2020-04-15 23:38:00

Warning: mysqli_connect(): The server requested authentication method unknown to the client [caching_sha2_password] in /private/var/www/db.php on line 35

Warning: mysqli_connect(): (HY000/2054): The server requested authentication method unknown to the client in /private/var/www/db.php on line 35

Warning: mysqli_select_db() expects parameter 1 to be mysqli, bool given in /private/var/www/db.php on line 36

Warning: mysqli_set_charset() expects parameter 1 to be mysqli, bool given in /private/var/www/db.php on line 37

Warning: mysqli_query() expects parameter 1 to be mysqli, bool given in /private/var/www/goods.php on line 9
2020-04-15 23:39:00

Warning: mysqli_connect(): The server requested authentication method unknown to the client [caching_sha2_password] in /private/var/www/db.php on line 35

Warning: mysqli_connect(): (HY000/2054): The server requested authentication method unknown to the client in /private/var/www/db.php on line 35

Warning: mysqli_select_db() expects parameter 1 to be mysqli, bool given in /private/var/www/db.php on line 36

Warning: mysqli_set_charset() expects parameter 1 to be mysqli, bool given in /private/var/www/db.php on line 37

Warning: mysqli_query() expects parameter 1 to be mysqli, bool given in /private/var/www/goods.php on line 9
2020-04-15 23:40:00

Warning: mysqli_connect(): The server requested authentication method unknown to the client [caching_sha2_password] in /private/var/www/db.php on line 35

Warning: mysqli_connect(): (HY000/2054): The server requested authentication method unknown to the client in /private/var/www/db.php on line 35

Warning: mysqli_select_db() expects parameter 1 to be mysqli, bool given in /private/var/www/db.php on line 36

Warning: mysqli_set_charset() expects parameter 1 to be mysqli, bool given in /private/var/www/db.php on line 37

Warning: mysqli_query() expects parameter 1 to be mysqli, bool given in /private/var/www/goods.php on line 9
2020-04-15 23:41:00

Warning: mysqli_connect(): The server requested authentication method unknown to the client [caching_sha2_password] in /private/var/www/db.php on line 35

Warning: mysqli_connect(): (HY000/2054): The server requested authentication method unknown to the client in /private/var/www/db.php on line 35

Warning: mysqli_select_db() expects parameter 1 to be mysqli, bool given in /private/var/www/db.php on line 36

Warning: mysqli_set_charset() expects parameter 1 to be mysqli, bool given in /private/var/www/db.php on line 37

Warning: mysqli_query() expects parameter 1 to be mysqli, bool given in /private/var/www/goods.php on line 9
2020-04-15 23:42:00

Warning: mysqli_connect(): The server requested authentication method unknown to the client [caching_sha2_password] in /private/var/www/db.php on line 35

Warning: mysqli_connect(): (HY000/2054): The server requested authentication method unknown to the client in /private/var/www/db.php on line 35

Warning: mysqli_select_db() expects parameter 1 to be mysqli, bool given in /private/var/www/db.php on line 36

Warning: mysqli_set_charset() expects parameter 1 to be mysqli, bool given in /private/var/www/db.php on line 37

Warning: mysqli_query() expects parameter 1 to be mysqli, bool given in /private/var/www/goods.php on line 9
